=== Fri 28 Feb 2025 11:07:41 AM EST ===
CouchDB Stats:
{
  "reads": null,
  "writes": null,
  "disk_size": null
}
Database Disk Usage:
{
  "disk_size": 431874,
  "data_size": 259011
}
I/O Stats:
loop9            0.00      0.00     0.00   0.00    0.00     0.00    0.00      0.00     0.00   0.00    0.00     0.00    0.00      0.00     0.00   0.00    0.00     0.00    0.00   0.00
sda              0.00      0.00     0.00   0.00    0.00     0.00   42.00    264.00    21.00  33.33    0.55     6.29    0.00      0.00     0.00   0.00    0.00     0.00    0.04   3.60
scd0             0.00      0.00     0.00   0.00    0.00     0.00    0.00      0.00     0.00   0.00    0.00     0.00    0.00      0.00     0.00   0.00    0.00     0.00    0.00   0.00


CouchDB Process I/O Stats:
Fabric Metrics:

=== Fri 28 Feb 2025 11:08:44 AM EST ===
CouchDB Stats:
{
  "reads": null,
  "writes": null,
  "disk_size": null
}
Database Disk Usage:
{
  "disk_size": 431874,
  "data_size": 259011
}
I/O Stats:
loop9            0.00      0.00     0.00   0.00    0.00     0.00    0.00      0.00     0.00   0.00    0.00     0.00    0.00      0.00     0.00   0.00    0.00     0.00    0.00   0.00
sda              0.00      0.00     0.00   0.00    0.00     0.00   36.00    176.00    20.00  35.71    0.72     4.89    0.00      0.00     0.00   0.00    0.00     0.00    0.04   4.40
scd0             0.00      0.00     0.00   0.00    0.00     0.00    0.00      0.00     0.00   0.00    0.00     0.00    0.00      0.00     0.00   0.00    0.00     0.00    0.00   0.00


CouchDB Process I/O Stats:
Fabric Metrics:

=== Fri 28 Feb 2025 11:09:47 AM EST ===
CouchDB Stats:
{
  "reads": null,
  "writes": null,
  "disk_size": null
}
Database Disk Usage:
{
  "disk_size": 431874,
  "data_size": 259011
}
I/O Stats:
loop9            0.00      0.00     0.00   0.00    0.00     0.00    0.00      0.00     0.00   0.00    0.00     0.00    0.00      0.00     0.00   0.00    0.00     0.00    0.00   0.00
sda              0.00      0.00     0.00   0.00    0.00     0.00   37.00    252.00    32.00  46.38    0.59     6.81    0.00      0.00     0.00   0.00    0.00     0.00    0.04   5.60
scd0             0.00      0.00     0.00   0.00    0.00     0.00    0.00      0.00     0.00   0.00    0.00     0.00    0.00      0.00     0.00   0.00    0.00     0.00    0.00   0.00


CouchDB Process I/O Stats:
Fabric Metrics:

=== Fri 28 Feb 2025 11:10:51 AM EST ===
CouchDB Stats:
{
  "reads": null,
  "writes": null,
  "disk_size": null
}
Database Disk Usage:
{
  "disk_size": 441341,
  "data_size": 265118
}
I/O Stats:
loop9            0.00      0.00     0.00   0.00    0.00     0.00    0.00      0.00     0.00   0.00    0.00     0.00    0.00      0.00     0.00   0.00    0.00     0.00    0.00   0.00
sda              0.00      0.00     0.00   0.00    0.00     0.00   16.00    108.00    15.00  48.39    0.75     6.75    0.00      0.00     0.00   0.00    0.00     0.00    0.02   2.40
scd0             0.00      0.00     0.00   0.00    0.00     0.00    0.00      0.00     0.00   0.00    0.00     0.00    0.00      0.00     0.00   0.00    0.00     0.00    0.00   0.00


CouchDB Process I/O Stats:
Fabric Metrics:

=== Fri 28 Feb 2025 11:11:54 AM EST ===
CouchDB Stats:
{
  "reads": null,
  "writes": null,
  "disk_size": null
}
Database Disk Usage:
{
  "disk_size": 441341,
  "data_size": 265118
}
I/O Stats:
loop9            0.00      0.00     0.00   0.00    0.00     0.00    0.00      0.00     0.00   0.00    0.00     0.00    0.00      0.00     0.00   0.00    0.00     0.00    0.00   0.00
sda              0.00      0.00     0.00   0.00    0.00     0.00   14.00      0.00     0.00   0.00    1.07     0.00    0.00      0.00     0.00   0.00    0.00     0.00    0.02   1.60
scd0             0.00      0.00     0.00   0.00    0.00     0.00    0.00      0.00     0.00   0.00    0.00     0.00    0.00      0.00     0.00   0.00    0.00     0.00    0.00   0.00


CouchDB Process I/O Stats:
Fabric Metrics:

=== Fri 28 Feb 2025 11:12:57 AM EST ===
CouchDB Stats:
{
  "reads": null,
  "writes": null,
  "disk_size": null
}
Database Disk Usage:
{
  "disk_size": 441341,
  "data_size": 265118
}
I/O Stats:
loop9            0.00      0.00     0.00   0.00    0.00     0.00    0.00      0.00     0.00   0.00    0.00     0.00    0.00      0.00     0.00   0.00    0.00     0.00    0.00   0.00
sda              2.00      8.00     0.00   0.00    0.50     4.00  109.00   1000.00    64.00  36.99    0.50     9.17    0.00      0.00     0.00   0.00    0.00     0.00    0.07   5.20
scd0             0.00      0.00     0.00   0.00    0.00     0.00    0.00      0.00     0.00   0.00    0.00     0.00    0.00      0.00     0.00   0.00    0.00     0.00    0.00   0.00


CouchDB Process I/O Stats:
Fabric Metrics:

=== Fri 28 Feb 2025 11:14:01 AM EST ===
CouchDB Stats:
{
  "reads": null,
  "writes": null,
  "disk_size": null
}
Database Disk Usage:
{
  "disk_size": 441341,
  "data_size": 265118
}
I/O Stats:
loop9            0.00      0.00     0.00   0.00    0.00     0.00    0.00      0.00     0.00   0.00    0.00     0.00    0.00      0.00     0.00   0.00    0.00     0.00    0.00   0.00
sda              3.00    304.00     0.00   0.00    1.00   101.33   16.00    152.00    17.00  51.52    0.31     9.50    0.00      0.00     0.00   0.00    0.00     0.00    0.01   1.60
scd0             0.00      0.00     0.00   0.00    0.00     0.00    0.00      0.00     0.00   0.00    0.00     0.00    0.00      0.00     0.00   0.00    0.00     0.00    0.00   0.00


CouchDB Process I/O Stats:
Fabric Metrics:

=== Fri 28 Feb 2025 11:15:04 AM EST ===
CouchDB Stats:
{
  "reads": null,
  "writes": null,
  "disk_size": null
}
Database Disk Usage:
{
  "disk_size": 441341,
  "data_size": 265118
}
I/O Stats:
loop9            0.00      0.00     0.00   0.00    0.00     0.00    0.00      0.00     0.00   0.00    0.00     0.00    0.00      0.00     0.00   0.00    0.00     0.00    0.00   0.00
sda              0.00      0.00     0.00   0.00    0.00     0.00   19.00    196.00    25.00  56.82    0.74    10.32    0.00      0.00     0.00   0.00    0.00     0.00    0.02   2.40
scd0             0.00      0.00     0.00   0.00    0.00     0.00    0.00      0.00     0.00   0.00    0.00     0.00    0.00      0.00     0.00   0.00    0.00     0.00    0.00   0.00


CouchDB Process I/O Stats:
Fabric Metrics:

=== Fri 28 Feb 2025 11:16:07 AM EST ===
CouchDB Stats:
{
  "reads": null,
  "writes": null,
  "disk_size": null
}
Database Disk Usage:
{
  "disk_size": 441341,
  "data_size": 265118
}
I/O Stats:
loop9            0.00      0.00     0.00   0.00    0.00     0.00    0.00      0.00     0.00   0.00    0.00     0.00    0.00      0.00     0.00   0.00    0.00     0.00    0.00   0.00
sda              0.00      0.00     0.00   0.00    0.00     0.00   16.00    148.00    16.00  50.00    0.31     9.25    0.00      0.00     0.00   0.00    0.00     0.00    0.01   0.80
scd0             0.00      0.00     0.00   0.00    0.00     0.00    0.00      0.00     0.00   0.00    0.00     0.00    0.00      0.00     0.00   0.00    0.00     0.00    0.00   0.00


CouchDB Process I/O Stats:
Fabric Metrics:

=== Fri 28 Feb 2025 11:17:11 AM EST ===
CouchDB Stats:
{
  "reads": null,
  "writes": null,
  "disk_size": null
}
Database Disk Usage:
{
  "disk_size": 441341,
  "data_size": 265118
}
I/O Stats:
loop9            0.00      0.00     0.00   0.00    0.00     0.00    0.00      0.00     0.00   0.00    0.00     0.00    0.00      0.00     0.00   0.00    0.00     0.00    0.00   0.00
sda              0.00      0.00     0.00   0.00    0.00     0.00   16.00    128.00    11.00  40.74    0.62     8.00    0.00      0.00     0.00   0.00    0.00     0.00    0.02   1.20
scd0             0.00      0.00     0.00   0.00    0.00     0.00    0.00      0.00     0.00   0.00    0.00     0.00    0.00      0.00     0.00   0.00    0.00     0.00    0.00   0.00


CouchDB Process I/O Stats:
Fabric Metrics:

=== Fri 28 Feb 2025 11:18:14 AM EST ===
CouchDB Stats:
{
  "reads": null,
  "writes": null,
  "disk_size": null
}
Database Disk Usage:
{
  "disk_size": 441341,
  "data_size": 265118
}
I/O Stats:
loop9            0.00      0.00     0.00   0.00    0.00     0.00    0.00      0.00     0.00   0.00    0.00     0.00    0.00      0.00     0.00   0.00    0.00     0.00    0.00   0.00
sda              0.00      0.00     0.00   0.00    0.00     0.00    0.00      0.00     0.00   0.00    0.00     0.00    0.00      0.00     0.00   0.00    0.00     0.00    0.00   0.00
scd0             0.00      0.00     0.00   0.00    0.00     0.00    0.00      0.00     0.00   0.00    0.00     0.00    0.00      0.00     0.00   0.00    0.00     0.00    0.00   0.00


CouchDB Process I/O Stats:
Fabric Metrics:

=== Fri 28 Feb 2025 11:19:17 AM EST ===
CouchDB Stats:
{
  "reads": null,
  "writes": null,
  "disk_size": null
}
Database Disk Usage:
{
  "disk_size": 441341,
  "data_size": 265118
}
I/O Stats:
loop9            0.00      0.00     0.00   0.00    0.00     0.00    0.00      0.00     0.00   0.00    0.00     0.00    0.00      0.00     0.00   0.00    0.00     0.00    0.00   0.00
sda              0.00      0.00     0.00   0.00    0.00     0.00   15.84    130.69    11.88  42.86    0.50     8.25    0.00      0.00     0.00   0.00    0.00     0.00    0.01   0.79
scd0             0.00      0.00     0.00   0.00    0.00     0.00    0.00      0.00     0.00   0.00    0.00     0.00    0.00      0.00     0.00   0.00    0.00     0.00    0.00   0.00


CouchDB Process I/O Stats:
Fabric Metrics:

=== Fri 28 Feb 2025 11:20:20 AM EST ===
CouchDB Stats:
{
  "reads": null,
  "writes": null,
  "disk_size": null
}
Database Disk Usage:
{
  "disk_size": 441341,
  "data_size": 265118
}
I/O Stats:
loop9            0.00      0.00     0.00   0.00    0.00     0.00    0.00      0.00     0.00   0.00    0.00     0.00    0.00      0.00     0.00   0.00    0.00     0.00    0.00   0.00
sda              0.00      0.00     0.00   0.00    0.00     0.00   11.00     96.00    12.00  52.17    0.55     8.73    0.00      0.00     0.00   0.00    0.00     0.00    0.01   0.80
scd0             0.00      0.00     0.00   0.00    0.00     0.00    0.00      0.00     0.00   0.00    0.00     0.00    0.00      0.00     0.00   0.00    0.00     0.00    0.00   0.00


CouchDB Process I/O Stats:
Fabric Metrics:

=== Fri 28 Feb 2025 11:21:24 AM EST ===
CouchDB Stats:
{
  "reads": null,
  "writes": null,
  "disk_size": null
}
Database Disk Usage:
{
  "disk_size": 441341,
  "data_size": 265118
}
I/O Stats:
loop9            0.00      0.00     0.00   0.00    0.00     0.00    0.00      0.00     0.00   0.00    0.00     0.00    0.00      0.00     0.00   0.00    0.00     0.00    0.00   0.00
sda              0.00      0.00     0.00   0.00    0.00     0.00   23.76    138.61    13.86  36.84    0.46     5.83    0.00      0.00     0.00   0.00    0.00     0.00    0.02   1.58
scd0             0.00      0.00     0.00   0.00    0.00     0.00    0.00      0.00     0.00   0.00    0.00     0.00    0.00      0.00     0.00   0.00    0.00     0.00    0.00   0.00


CouchDB Process I/O Stats:
Fabric Metrics:

=== Fri 28 Feb 2025 11:22:27 AM EST ===
CouchDB Stats:
{
  "reads": null,
  "writes": null,
  "disk_size": null
}
Database Disk Usage:
{
  "disk_size": 441341,
  "data_size": 265118
}
I/O Stats:
loop9            0.00      0.00     0.00   0.00    0.00     0.00    0.00      0.00     0.00   0.00    0.00     0.00    0.00      0.00     0.00   0.00    0.00     0.00    0.00   0.00
sda              0.00      0.00     0.00   0.00    0.00     0.00   33.00    252.00    19.00  36.54    0.73     7.64    0.00      0.00     0.00   0.00    0.00     0.00    0.04   2.80
scd0             0.00      0.00     0.00   0.00    0.00     0.00    0.00      0.00     0.00   0.00    0.00     0.00    0.00      0.00     0.00   0.00    0.00     0.00    0.00   0.00


CouchDB Process I/O Stats:
Fabric Metrics:

=== Fri 28 Feb 2025 11:23:30 AM EST ===
CouchDB Stats:
{
  "reads": null,
  "writes": null,
  "disk_size": null
}
Database Disk Usage:
{
  "disk_size": 441341,
  "data_size": 265118
}
I/O Stats:
loop9            0.00      0.00     0.00   0.00    0.00     0.00    0.00      0.00     0.00   0.00    0.00     0.00    0.00      0.00     0.00   0.00    0.00     0.00    0.00   0.00
sda              0.00      0.00     0.00   0.00    0.00     0.00   13.00    124.00    21.00  61.76    0.62     9.54    0.00      0.00     0.00   0.00    0.00     0.00    0.01   1.20
scd0             0.00      0.00     0.00   0.00    0.00     0.00    0.00      0.00     0.00   0.00    0.00     0.00    0.00      0.00     0.00   0.00    0.00     0.00    0.00   0.00


CouchDB Process I/O Stats:
Fabric Metrics:

=== Fri 28 Feb 2025 11:24:34 AM EST ===
CouchDB Stats:
{
  "reads": null,
  "writes": null,
  "disk_size": null
}
Database Disk Usage:
{
  "disk_size": 441341,
  "data_size": 265118
}
I/O Stats:
loop9            0.00      0.00     0.00   0.00    0.00     0.00    0.00      0.00     0.00   0.00    0.00     0.00    0.00      0.00     0.00   0.00    0.00     0.00    0.00   0.00
sda              0.00      0.00     0.00   0.00    0.00     0.00    7.92    106.93    21.78  73.33    0.88    13.50    0.00      0.00     0.00   0.00    0.00     0.00    0.01   1.58
scd0             0.00      0.00     0.00   0.00    0.00     0.00    0.00      0.00     0.00   0.00    0.00     0.00    0.00      0.00     0.00   0.00    0.00     0.00    0.00   0.00


CouchDB Process I/O Stats:
Fabric Metrics:

=== Fri 28 Feb 2025 11:25:37 AM EST ===
CouchDB Stats:
{
  "reads": null,
  "writes": null,
  "disk_size": null
}
Database Disk Usage:
{
  "disk_size": 441341,
  "data_size": 265118
}
I/O Stats:
loop9            0.00      0.00     0.00   0.00    0.00     0.00    0.00      0.00     0.00   0.00    0.00     0.00    0.00      0.00     0.00   0.00    0.00     0.00    0.00   0.00
sda              0.00      0.00     0.00   0.00    0.00     0.00    7.00      0.00     0.00   0.00    1.29     0.00    0.00      0.00     0.00   0.00    0.00     0.00    0.01   1.60
scd0             0.00      0.00     0.00   0.00    0.00     0.00    0.00      0.00     0.00   0.00    0.00     0.00    0.00      0.00     0.00   0.00    0.00     0.00    0.00   0.00


CouchDB Process I/O Stats:
Fabric Metrics:

=== Fri 28 Feb 2025 11:26:40 AM EST ===
CouchDB Stats:
Database Disk Usage:
I/O Stats:
loop9            0.00      0.00     0.00   0.00    0.00     0.00    0.00      0.00     0.00   0.00    0.00     0.00    0.00      0.00     0.00   0.00    0.00     0.00    0.00   0.00
sda              0.00      0.00     0.00   0.00    0.00     0.00    3.00     92.00    18.00  85.71    3.00    30.67    0.00      0.00     0.00   0.00    0.00     0.00    0.01   1.20
scd0             0.00      0.00     0.00   0.00    0.00     0.00    0.00      0.00     0.00   0.00    0.00     0.00    0.00      0.00     0.00   0.00    0.00     0.00    0.00   0.00


CouchDB Process I/O Stats:
Fabric Metrics:

=== Fri 28 Feb 2025 11:27:44 AM EST ===
CouchDB Stats:
Database Disk Usage:
I/O Stats:
loop9            0.00      0.00     0.00   0.00    0.00     0.00    0.00      0.00     0.00   0.00    0.00     0.00    0.00      0.00     0.00   0.00    0.00     0.00    0.00   0.00
sda              0.00      0.00     0.00   0.00    0.00     0.00    0.00      0.00     0.00   0.00    0.00     0.00    0.00      0.00     0.00   0.00    0.00     0.00    0.00   0.00
scd0             0.00      0.00     0.00   0.00    0.00     0.00    0.00      0.00     0.00   0.00    0.00     0.00    0.00      0.00     0.00   0.00    0.00     0.00    0.00   0.00


CouchDB Process I/O Stats:
Fabric Metrics:

=== Fri 28 Feb 2025 11:28:47 AM EST ===
CouchDB Stats:
Database Disk Usage:
I/O Stats:
loop9            0.00      0.00     0.00   0.00    0.00     0.00    0.00      0.00     0.00   0.00    0.00     0.00    0.00      0.00     0.00   0.00    0.00     0.00    0.00   0.00
sda              0.00      0.00     0.00   0.00    0.00     0.00    0.00      0.00     0.00   0.00    0.00     0.00    0.00      0.00     0.00   0.00    0.00     0.00    0.00   0.00
scd0             0.00      0.00     0.00   0.00    0.00     0.00    0.00      0.00     0.00   0.00    0.00     0.00    0.00      0.00     0.00   0.00    0.00     0.00    0.00   0.00


CouchDB Process I/O Stats:
Fabric Metrics:

=== Fri 28 Feb 2025 11:29:50 AM EST ===
CouchDB Stats:
Database Disk Usage:
I/O Stats:
loop9            0.00      0.00     0.00   0.00    0.00     0.00    0.00      0.00     0.00   0.00    0.00     0.00    0.00      0.00     0.00   0.00    0.00     0.00    0.00   0.00
sda              0.00      0.00     0.00   0.00    0.00     0.00   43.00    388.00     0.00   0.00    0.26     9.02    0.00      0.00     0.00   0.00    0.00     0.00    0.01   0.40
scd0             0.00      0.00     0.00   0.00    0.00     0.00    0.00      0.00     0.00   0.00    0.00     0.00    0.00      0.00     0.00   0.00    0.00     0.00    0.00   0.00


CouchDB Process I/O Stats:
Fabric Metrics:

=== Fri 28 Feb 2025 11:30:53 AM EST ===
CouchDB Stats:
Database Disk Usage:
I/O Stats:
loop9            0.00      0.00     0.00   0.00    0.00     0.00    0.00      0.00     0.00   0.00    0.00     0.00    0.00      0.00     0.00   0.00    0.00     0.00    0.00   0.00
sda              0.00      0.00     0.00   0.00    0.00     0.00    0.00      0.00     0.00   0.00    0.00     0.00    0.00      0.00     0.00   0.00    0.00     0.00    0.00   0.00
scd0             0.00      0.00     0.00   0.00    0.00     0.00    0.00      0.00     0.00   0.00    0.00     0.00    0.00      0.00     0.00   0.00    0.00     0.00    0.00   0.00


CouchDB Process I/O Stats:
Fabric Metrics:

=== Fri 28 Feb 2025 11:31:57 AM EST ===
CouchDB Stats:
Database Disk Usage:
I/O Stats:
loop9            0.00      0.00     0.00   0.00    0.00     0.00    0.00      0.00     0.00   0.00    0.00     0.00    0.00      0.00     0.00   0.00    0.00     0.00    0.00   0.00
sda              0.00      0.00     0.00   0.00    0.00     0.00   32.00    232.00     0.00   0.00    0.25     7.25    0.00      0.00     0.00   0.00    0.00     0.00    0.01   0.40
scd0             0.00      0.00     0.00   0.00    0.00     0.00    0.00      0.00     0.00   0.00    0.00     0.00    0.00      0.00     0.00   0.00    0.00     0.00    0.00   0.00


CouchDB Process I/O Stats:
Fabric Metrics:

=== Fri 28 Feb 2025 11:33:00 AM EST ===
CouchDB Stats:
Database Disk Usage:
I/O Stats:
loop9            0.00      0.00     0.00   0.00    0.00     0.00    0.00      0.00     0.00   0.00    0.00     0.00    0.00      0.00     0.00   0.00    0.00     0.00    0.00   0.00
sda              0.00      0.00     0.00   0.00    0.00     0.00    0.00      0.00     0.00   0.00    0.00     0.00    0.00      0.00     0.00   0.00    0.00     0.00    0.00   0.00
scd0             0.00      0.00     0.00   0.00    0.00     0.00    0.00      0.00     0.00   0.00    0.00     0.00    0.00      0.00     0.00   0.00    0.00     0.00    0.00   0.00


CouchDB Process I/O Stats:
Fabric Metrics:

=== Fri 28 Feb 2025 11:34:03 AM EST ===
CouchDB Stats:
Database Disk Usage:
I/O Stats:
loop9            0.00      0.00     0.00   0.00    0.00     0.00    0.00      0.00     0.00   0.00    0.00     0.00    0.00      0.00     0.00   0.00    0.00     0.00    0.00   0.00
sda              0.00      0.00     0.00   0.00    0.00     0.00   89.00    904.00    16.00  15.24    0.42    10.16    0.00      0.00     0.00   0.00    0.00     0.00    0.04   2.00
scd0             0.00      0.00     0.00   0.00    0.00     0.00    0.00      0.00     0.00   0.00    0.00     0.00    0.00      0.00     0.00   0.00    0.00     0.00    0.00   0.00


CouchDB Process I/O Stats:
Fabric Metrics:

=== Fri 28 Feb 2025 11:35:06 AM EST ===
CouchDB Stats:
Database Disk Usage:
I/O Stats:
loop9            0.00      0.00     0.00   0.00    0.00     0.00    0.00      0.00     0.00   0.00    0.00     0.00    0.00      0.00     0.00   0.00    0.00     0.00    0.00   0.00
sda              0.00      0.00     0.00   0.00    0.00     0.00    0.00      0.00     0.00   0.00    0.00     0.00    0.00      0.00     0.00   0.00    0.00     0.00    0.00   0.00
scd0             0.00      0.00     0.00   0.00    0.00     0.00    0.00      0.00     0.00   0.00    0.00     0.00    0.00      0.00     0.00   0.00    0.00     0.00    0.00   0.00


CouchDB Process I/O Stats:
Fabric Metrics:

=== Fri 28 Feb 2025 11:36:10 AM EST ===
CouchDB Stats:
Database Disk Usage:
I/O Stats:
loop9            0.00      0.00     0.00   0.00    0.00     0.00    0.00      0.00     0.00   0.00    0.00     0.00    0.00      0.00     0.00   0.00    0.00     0.00    0.00   0.00
sda              0.00      0.00     0.00   0.00    0.00     0.00    0.00      0.00     0.00   0.00    0.00     0.00    0.00      0.00     0.00   0.00    0.00     0.00    0.00   0.00
scd0             0.00      0.00     0.00   0.00    0.00     0.00    0.00      0.00     0.00   0.00    0.00     0.00    0.00      0.00     0.00   0.00    0.00     0.00    0.00   0.00


CouchDB Process I/O Stats:
Fabric Metrics:

=== Fri 28 Feb 2025 11:37:13 AM EST ===
CouchDB Stats:
Database Disk Usage:
I/O Stats:
loop9            0.00      0.00     0.00   0.00    0.00     0.00    0.00      0.00     0.00   0.00    0.00     0.00    0.00      0.00     0.00   0.00    0.00     0.00    0.00   0.00
sda              0.00      0.00     0.00   0.00    0.00     0.00    0.00      0.00     0.00   0.00    0.00     0.00    0.00      0.00     0.00   0.00    0.00     0.00    0.00   0.00
scd0             0.00      0.00     0.00   0.00    0.00     0.00    0.00      0.00     0.00   0.00    0.00     0.00    0.00      0.00     0.00   0.00    0.00     0.00    0.00   0.00


CouchDB Process I/O Stats:
Fabric Metrics:

=== Fri 28 Feb 2025 11:38:16 AM EST ===
CouchDB Stats:
Database Disk Usage:
I/O Stats:
loop9            0.00      0.00     0.00   0.00    0.00     0.00    0.00      0.00     0.00   0.00    0.00     0.00    0.00      0.00     0.00   0.00    0.00     0.00    0.00   0.00
sda              0.00      0.00     0.00   0.00    0.00     0.00    0.00      0.00     0.00   0.00    0.00     0.00    0.00      0.00     0.00   0.00    0.00     0.00    0.00   0.00
scd0             0.00      0.00     0.00   0.00    0.00     0.00    0.00      0.00     0.00   0.00    0.00     0.00    0.00      0.00     0.00   0.00    0.00     0.00    0.00   0.00


CouchDB Process I/O Stats:
Fabric Metrics:

=== Fri 28 Feb 2025 11:39:19 AM EST ===
CouchDB Stats:
Database Disk Usage:
I/O Stats:
loop9            0.00      0.00     0.00   0.00    0.00     0.00    0.00      0.00     0.00   0.00    0.00     0.00    0.00      0.00     0.00   0.00    0.00     0.00    0.00   0.00
sda              0.00      0.00     0.00   0.00    0.00     0.00    2.00      4.00     0.00   0.00    2.00     2.00    0.00      0.00     0.00   0.00    0.00     0.00    0.01   0.80
scd0             0.00      0.00     0.00   0.00    0.00     0.00    0.00      0.00     0.00   0.00    0.00     0.00    0.00      0.00     0.00   0.00    0.00     0.00    0.00   0.00


CouchDB Process I/O Stats:
Fabric Metrics:

=== Fri 28 Feb 2025 11:40:22 AM EST ===
CouchDB Stats:
Database Disk Usage:
I/O Stats:
loop9            0.00      0.00     0.00   0.00    0.00     0.00    0.00      0.00     0.00   0.00    0.00     0.00    0.00      0.00     0.00   0.00    0.00     0.00    0.00   0.00
sda              0.00      0.00     0.00   0.00    0.00     0.00   52.00    744.00     0.00   0.00    0.83    14.31    0.00      0.00     0.00   0.00    0.00     0.00    0.04   1.20
scd0             0.00      0.00     0.00   0.00    0.00     0.00    0.00      0.00     0.00   0.00    0.00     0.00    0.00      0.00     0.00   0.00    0.00     0.00    0.00   0.00


CouchDB Process I/O Stats:
Fabric Metrics:

=== Fri 28 Feb 2025 11:41:26 AM EST ===
CouchDB Stats:
Database Disk Usage:
I/O Stats:
loop9            0.00      0.00     0.00   0.00    0.00     0.00    0.00      0.00     0.00   0.00    0.00     0.00    0.00      0.00     0.00   0.00    0.00     0.00    0.00   0.00
sda              0.00      0.00     0.00   0.00    0.00     0.00  180.00   1452.00   163.00  47.52    0.49     8.07    0.00      0.00     0.00   0.00    0.00     0.00    0.16  10.80
scd0             0.00      0.00     0.00   0.00    0.00     0.00    0.00      0.00     0.00   0.00    0.00     0.00    0.00      0.00     0.00   0.00    0.00     0.00    0.00   0.00


CouchDB Process I/O Stats:
Fabric Metrics:

=== Fri 28 Feb 2025 11:42:29 AM EST ===
CouchDB Stats:
Database Disk Usage:
I/O Stats:
loop9            0.00      0.00     0.00   0.00    0.00     0.00    0.00      0.00     0.00   0.00    0.00     0.00    0.00      0.00     0.00   0.00    0.00     0.00    0.00   0.00
sda              0.00      0.00     0.00   0.00    0.00     0.00   18.00    156.00    19.00  51.35    0.78     8.67    0.00      0.00     0.00   0.00    0.00     0.00    0.03   2.00
scd0             0.00      0.00     0.00   0.00    0.00     0.00    0.00      0.00     0.00   0.00    0.00     0.00    0.00      0.00     0.00   0.00    0.00     0.00    0.00   0.00


CouchDB Process I/O Stats:
Fabric Metrics:

=== Fri 28 Feb 2025 11:43:32 AM EST ===
CouchDB Stats:
Database Disk Usage:
I/O Stats:
loop9            0.00      0.00     0.00   0.00    0.00     0.00    0.00      0.00     0.00   0.00    0.00     0.00    0.00      0.00     0.00   0.00    0.00     0.00    0.00   0.00
sda              0.00      0.00     0.00   0.00    0.00     0.00    0.00      0.00     0.00   0.00    0.00     0.00    0.00      0.00     0.00   0.00    0.00     0.00    0.00   0.00
scd0             0.00      0.00     0.00   0.00    0.00     0.00    0.00      0.00     0.00   0.00    0.00     0.00    0.00      0.00     0.00   0.00    0.00     0.00    0.00   0.00


CouchDB Process I/O Stats:
Fabric Metrics:

=== Fri 28 Feb 2025 11:44:35 AM EST ===
CouchDB Stats:
Database Disk Usage:
I/O Stats:
loop9            0.00      0.00     0.00   0.00    0.00     0.00    0.00      0.00     0.00   0.00    0.00     0.00    0.00      0.00     0.00   0.00    0.00     0.00    0.00   0.00
sda              0.00      0.00     0.00   0.00    0.00     0.00    0.00      0.00     0.00   0.00    0.00     0.00    0.00      0.00     0.00   0.00    0.00     0.00    0.00   0.00
scd0             0.00      0.00     0.00   0.00    0.00     0.00    0.00      0.00     0.00   0.00    0.00     0.00    0.00      0.00     0.00   0.00    0.00     0.00    0.00   0.00


CouchDB Process I/O Stats:
Fabric Metrics:

=== Fri 28 Feb 2025 11:45:39 AM EST ===
CouchDB Stats:
Database Disk Usage:
I/O Stats:
loop9            0.00      0.00     0.00   0.00    0.00     0.00    0.00      0.00     0.00   0.00    0.00     0.00    0.00      0.00     0.00   0.00    0.00     0.00    0.00   0.00
sda              0.00      0.00     0.00   0.00    0.00     0.00    2.00     64.00    14.00  87.50    2.00    32.00    0.00      0.00     0.00   0.00    0.00     0.00    0.01   0.40
scd0             0.00      0.00     0.00   0.00    0.00     0.00    0.00      0.00     0.00   0.00    0.00     0.00    0.00      0.00     0.00   0.00    0.00     0.00    0.00   0.00


CouchDB Process I/O Stats:
Fabric Metrics:

=== Fri 28 Feb 2025 11:46:42 AM EST ===
CouchDB Stats:
Database Disk Usage:
I/O Stats:
loop9            0.00      0.00     0.00   0.00    0.00     0.00    0.00      0.00     0.00   0.00    0.00     0.00    0.00      0.00     0.00   0.00    0.00     0.00    0.00   0.00
sda              0.00      0.00     0.00   0.00    0.00     0.00   23.00    180.00    15.00  39.47    3.57     7.83    0.00      0.00     0.00   0.00    0.00     0.00    0.16   9.20
scd0             0.00      0.00     0.00   0.00    0.00     0.00    0.00      0.00     0.00   0.00    0.00     0.00    0.00      0.00     0.00   0.00    0.00     0.00    0.00   0.00


CouchDB Process I/O Stats:
Fabric Metrics:

=== Fri 28 Feb 2025 11:47:45 AM EST ===
CouchDB Stats:
Database Disk Usage:
I/O Stats:
loop9            0.00      0.00     0.00   0.00    0.00     0.00    0.00      0.00     0.00   0.00    0.00     0.00    0.00      0.00     0.00   0.00    0.00     0.00    0.00   0.00
sda              0.00      0.00     0.00   0.00    0.00     0.00    0.00      0.00     0.00   0.00    0.00     0.00    0.00      0.00     0.00   0.00    0.00     0.00    0.00   0.00
scd0             0.00      0.00     0.00   0.00    0.00     0.00    0.00      0.00     0.00   0.00    0.00     0.00    0.00      0.00     0.00   0.00    0.00     0.00    0.00   0.00


CouchDB Process I/O Stats:
Fabric Metrics:

=== Fri 28 Feb 2025 11:48:48 AM EST ===
CouchDB Stats:
Database Disk Usage:
I/O Stats:
loop9            0.00      0.00     0.00   0.00    0.00     0.00    0.00      0.00     0.00   0.00    0.00     0.00    0.00      0.00     0.00   0.00    0.00     0.00    0.00   0.00
sda              0.00      0.00     0.00   0.00    0.00     0.00    0.00      0.00     0.00   0.00    0.00     0.00    0.00      0.00     0.00   0.00    0.00     0.00    0.00   0.00
scd0             0.00      0.00     0.00   0.00    0.00     0.00    0.00      0.00     0.00   0.00    0.00     0.00    0.00      0.00     0.00   0.00    0.00     0.00    0.00   0.00


CouchDB Process I/O Stats:
Fabric Metrics:

=== Fri 28 Feb 2025 11:49:52 AM EST ===
CouchDB Stats:
Database Disk Usage:
I/O Stats:
loop9            0.00      0.00     0.00   0.00    0.00     0.00    0.00      0.00     0.00   0.00    0.00     0.00    0.00      0.00     0.00   0.00    0.00     0.00    0.00   0.00
sda              0.00      0.00     0.00   0.00    0.00     0.00  139.60   1132.67    25.74  15.57    0.31     8.11    0.00      0.00     0.00   0.00    0.00     0.00    0.05   1.98
scd0             0.00      0.00     0.00   0.00    0.00     0.00    0.00      0.00     0.00   0.00    0.00     0.00    0.00      0.00     0.00   0.00    0.00     0.00    0.00   0.00


CouchDB Process I/O Stats:
Fabric Metrics:

=== Fri 28 Feb 2025 11:50:55 AM EST ===
CouchDB Stats:
Database Disk Usage:
I/O Stats:
loop9            0.00      0.00     0.00   0.00    0.00     0.00    0.00      0.00     0.00   0.00    0.00     0.00    0.00      0.00     0.00   0.00    0.00     0.00    0.00   0.00
sda              0.00      0.00     0.00   0.00    0.00     0.00    0.00      0.00     0.00   0.00    0.00     0.00    0.00      0.00     0.00   0.00    0.00     0.00    0.00   0.00
scd0             0.00      0.00     0.00   0.00    0.00     0.00    0.00      0.00     0.00   0.00    0.00     0.00    0.00      0.00     0.00   0.00    0.00     0.00    0.00   0.00


CouchDB Process I/O Stats:
Fabric Metrics:

=== Fri 28 Feb 2025 11:51:58 AM EST ===
CouchDB Stats:
Database Disk Usage:
I/O Stats:
loop9            0.00      0.00     0.00   0.00    0.00     0.00    0.00      0.00     0.00   0.00    0.00     0.00    0.00      0.00     0.00   0.00    0.00     0.00    0.00   0.00
sda              0.00      0.00     0.00   0.00    0.00     0.00    0.00      0.00     0.00   0.00    0.00     0.00    0.00      0.00     0.00   0.00    0.00     0.00    0.00   0.00
scd0             0.00      0.00     0.00   0.00    0.00     0.00    0.00      0.00     0.00   0.00    0.00     0.00    0.00      0.00     0.00   0.00    0.00     0.00    0.00   0.00


CouchDB Process I/O Stats:
Fabric Metrics:

=== Fri 28 Feb 2025 11:53:01 AM EST ===
CouchDB Stats:
Database Disk Usage:
I/O Stats:
loop9            0.00      0.00     0.00   0.00    0.00     0.00    0.00      0.00     0.00   0.00    0.00     0.00    0.00      0.00     0.00   0.00    0.00     0.00    0.00   0.00
sda              0.00      0.00     0.00   0.00    0.00     0.00    2.97     71.29     9.90  76.92    1.00    24.00    0.00      0.00     0.00   0.00    0.00     0.00    0.00   0.79
scd0             0.00      0.00     0.00   0.00    0.00     0.00    0.00      0.00     0.00   0.00    0.00     0.00    0.00      0.00     0.00   0.00    0.00     0.00    0.00   0.00


CouchDB Process I/O Stats:
Fabric Metrics:

=== Fri 28 Feb 2025 11:54:04 AM EST ===
CouchDB Stats:
Database Disk Usage:
I/O Stats:
loop9            0.00      0.00     0.00   0.00    0.00     0.00    0.00      0.00     0.00   0.00    0.00     0.00    0.00      0.00     0.00   0.00    0.00     0.00    0.00   0.00
sda              0.00      0.00     0.00   0.00    0.00     0.00    0.00      0.00     0.00   0.00    0.00     0.00    0.00      0.00     0.00   0.00    0.00     0.00    0.00   0.00
scd0             0.00      0.00     0.00   0.00    0.00     0.00    0.00      0.00     0.00   0.00    0.00     0.00    0.00      0.00     0.00   0.00    0.00     0.00    0.00   0.00


CouchDB Process I/O Stats:
Fabric Metrics:

=== Fri 28 Feb 2025 11:55:08 AM EST ===
CouchDB Stats:
Database Disk Usage:
I/O Stats:
loop9            0.00      0.00     0.00   0.00    0.00     0.00    0.00      0.00     0.00   0.00    0.00     0.00    0.00      0.00     0.00   0.00    0.00     0.00    0.00   0.00
sda              0.00      0.00     0.00   0.00    0.00     0.00    0.00      0.00     0.00   0.00    0.00     0.00    0.00      0.00     0.00   0.00    0.00     0.00    0.00   0.00
scd0             0.00      0.00     0.00   0.00    0.00     0.00    0.00      0.00     0.00   0.00    0.00     0.00    0.00      0.00     0.00   0.00    0.00     0.00    0.00   0.00


CouchDB Process I/O Stats:
Fabric Metrics:

=== Fri 28 Feb 2025 12:04:06 PM EST ===
CouchDB Stats:
Database Disk Usage:
I/O Stats:
loop9            0.00      0.00     0.00   0.00    0.00     0.00    0.00      0.00     0.00   0.00    0.00     0.00    0.00      0.00     0.00   0.00    0.00     0.00    0.00   0.00
sda              0.99     79.21     0.00   0.00    1.00    80.00    2.97     67.33    13.86  82.35    0.67    22.67    0.00      0.00     0.00   0.00    0.00     0.00    0.00   0.40
scd0             0.00      0.00     0.00   0.00    0.00     0.00    0.00      0.00     0.00   0.00    0.00     0.00    0.00      0.00     0.00   0.00    0.00     0.00    0.00   0.00


CouchDB Process I/O Stats:
Fabric Metrics:

=== Fri 28 Feb 2025 12:05:09 PM EST ===
CouchDB Stats:
Database Disk Usage:
I/O Stats:
loop9            0.00      0.00     0.00   0.00    0.00     0.00    0.00      0.00     0.00   0.00    0.00     0.00    0.00      0.00     0.00   0.00    0.00     0.00    0.00   0.00
sda              0.00      0.00     0.00   0.00    0.00     0.00    0.00      0.00     0.00   0.00    0.00     0.00    0.00      0.00     0.00   0.00    0.00     0.00    0.00   0.00
scd0             0.00      0.00     0.00   0.00    0.00     0.00    0.00      0.00     0.00   0.00    0.00     0.00    0.00      0.00     0.00   0.00    0.00     0.00    0.00   0.00


CouchDB Process I/O Stats:
Fabric Metrics:

=== Fri 28 Feb 2025 12:06:12 PM EST ===
CouchDB Stats:
Database Disk Usage:
I/O Stats:
loop9            0.00      0.00     0.00   0.00    0.00     0.00    0.00      0.00     0.00   0.00    0.00     0.00    0.00      0.00     0.00   0.00    0.00     0.00    0.00   0.00
sda              0.00      0.00     0.00   0.00    0.00     0.00   10.00     72.00     8.00  44.44    0.40     7.20    0.00      0.00     0.00   0.00    0.00     0.00    0.01   0.80
scd0             0.00      0.00     0.00   0.00    0.00     0.00    0.00      0.00     0.00   0.00    0.00     0.00    0.00      0.00     0.00   0.00    0.00     0.00    0.00   0.00


CouchDB Process I/O Stats:
Fabric Metrics:

=== Fri 28 Feb 2025 12:07:15 PM EST ===
CouchDB Stats:
Database Disk Usage:
I/O Stats:
loop9            0.00      0.00     0.00   0.00    0.00     0.00    0.00      0.00     0.00   0.00    0.00     0.00    0.00      0.00     0.00   0.00    0.00     0.00    0.00   0.00
sda              0.00      0.00     0.00   0.00    0.00     0.00    0.00      0.00     0.00   0.00    0.00     0.00    0.00      0.00     0.00   0.00    0.00     0.00    0.00   0.00
scd0             0.00      0.00     0.00   0.00    0.00     0.00    0.00      0.00     0.00   0.00    0.00     0.00    0.00      0.00     0.00   0.00    0.00     0.00    0.00   0.00


CouchDB Process I/O Stats:
Fabric Metrics:

=== Fri 28 Feb 2025 12:08:19 PM EST ===
CouchDB Stats:
Database Disk Usage:
I/O Stats:
loop9            0.00      0.00     0.00   0.00    0.00     0.00    0.00      0.00     0.00   0.00    0.00     0.00    0.00      0.00     0.00   0.00    0.00     0.00    0.00   0.00
sda              0.00      0.00     0.00   0.00    0.00     0.00    0.00      0.00     0.00   0.00    0.00     0.00    0.00      0.00     0.00   0.00    0.00     0.00    0.00   0.00
scd0             0.00      0.00     0.00   0.00    0.00     0.00    0.00      0.00     0.00   0.00    0.00     0.00    0.00      0.00     0.00   0.00    0.00     0.00    0.00   0.00


CouchDB Process I/O Stats:
Fabric Metrics:

=== Fri 28 Feb 2025 12:09:22 PM EST ===
CouchDB Stats:
Database Disk Usage:
I/O Stats:
loop9            0.00      0.00     0.00   0.00    0.00     0.00    0.00      0.00     0.00   0.00    0.00     0.00    0.00      0.00     0.00   0.00    0.00     0.00    0.00   0.00
sda              0.00      0.00     0.00   0.00    0.00     0.00    0.00      0.00     0.00   0.00    0.00     0.00    0.00      0.00     0.00   0.00    0.00     0.00    0.00   0.00
scd0             0.00      0.00     0.00   0.00    0.00     0.00    0.00      0.00     0.00   0.00    0.00     0.00    0.00      0.00     0.00   0.00    0.00     0.00    0.00   0.00


CouchDB Process I/O Stats:
Fabric Metrics:

=== Fri 28 Feb 2025 12:10:25 PM EST ===
CouchDB Stats:
Database Disk Usage:
I/O Stats:
loop9            0.00      0.00     0.00   0.00    0.00     0.00    0.00      0.00     0.00   0.00    0.00     0.00    0.00      0.00     0.00   0.00    0.00     0.00    0.00   0.00
sda              0.00      0.00     0.00   0.00    0.00     0.00    0.00      0.00     0.00   0.00    0.00     0.00    0.00      0.00     0.00   0.00    0.00     0.00    0.00   0.00
scd0             0.00      0.00     0.00   0.00    0.00     0.00    0.00      0.00     0.00   0.00    0.00     0.00    0.00      0.00     0.00   0.00    0.00     0.00    0.00   0.00


CouchDB Process I/O Stats:
Fabric Metrics:

=== Fri 28 Feb 2025 12:11:28 PM EST ===
CouchDB Stats:
Database Disk Usage:
I/O Stats:
loop9            0.00      0.00     0.00   0.00    0.00     0.00    0.00      0.00     0.00   0.00    0.00     0.00    0.00      0.00     0.00   0.00    0.00     0.00    0.00   0.00
sda              0.00      0.00     0.00   0.00    0.00     0.00  167.00   1248.00     8.00   4.57    0.47     7.47    0.00      0.00     0.00   0.00    0.00     0.00    0.09   3.20
scd0             0.00      0.00     0.00   0.00    0.00     0.00    0.00      0.00     0.00   0.00    0.00     0.00    0.00      0.00     0.00   0.00    0.00     0.00    0.00   0.00


CouchDB Process I/O Stats:
Fabric Metrics:

=== Fri 28 Feb 2025 12:12:32 PM EST ===
CouchDB Stats:
Database Disk Usage:
I/O Stats:
loop9            0.00      0.00     0.00   0.00    0.00     0.00    0.00      0.00     0.00   0.00    0.00     0.00    0.00      0.00     0.00   0.00    0.00     0.00    0.00   0.00
sda              0.00      0.00     0.00   0.00    0.00     0.00   66.00    648.00     0.00   0.00    0.30     9.82    0.00      0.00     0.00   0.00    0.00     0.00    0.02   0.40
scd0             0.00      0.00     0.00   0.00    0.00     0.00    0.00      0.00     0.00   0.00    0.00     0.00    0.00      0.00     0.00   0.00    0.00     0.00    0.00   0.00


CouchDB Process I/O Stats:
Fabric Metrics:

=== Fri 28 Feb 2025 12:13:35 PM EST ===
CouchDB Stats:
Database Disk Usage:
I/O Stats:
loop9            0.00      0.00     0.00   0.00    0.00     0.00    0.00      0.00     0.00   0.00    0.00     0.00    0.00      0.00     0.00   0.00    0.00     0.00    0.00   0.00
sda              0.00      0.00     0.00   0.00    0.00     0.00    2.00     60.00    13.00  86.67    7.00    30.00    0.00      0.00     0.00   0.00    0.00     0.00    0.03   1.60
scd0             0.00      0.00     0.00   0.00    0.00     0.00    0.00      0.00     0.00   0.00    0.00     0.00    0.00      0.00     0.00   0.00    0.00     0.00    0.00   0.00


CouchDB Process I/O Stats:
Fabric Metrics:

=== Fri 28 Feb 2025 12:14:38 PM EST ===
CouchDB Stats:
Database Disk Usage:
I/O Stats:
loop9            0.00      0.00     0.00   0.00    0.00     0.00    0.00      0.00     0.00   0.00    0.00     0.00    0.00      0.00     0.00   0.00    0.00     0.00    0.00   0.00
sda              0.00      0.00     0.00   0.00    0.00     0.00    0.00      0.00     0.00   0.00    0.00     0.00    0.00      0.00     0.00   0.00    0.00     0.00    0.00   0.00
scd0             0.00      0.00     0.00   0.00    0.00     0.00    0.00      0.00     0.00   0.00    0.00     0.00    0.00      0.00     0.00   0.00    0.00     0.00    0.00   0.00


CouchDB Process I/O Stats:
Fabric Metrics:

=== Fri 28 Feb 2025 12:15:41 PM EST ===
CouchDB Stats:
Database Disk Usage:
I/O Stats:
loop9            0.00      0.00     0.00   0.00    0.00     0.00    0.00      0.00     0.00   0.00    0.00     0.00    0.00      0.00     0.00   0.00    0.00     0.00    0.00   0.00
sda              0.00      0.00     0.00   0.00    0.00     0.00    1.98     35.64     6.93  77.78    1.50    18.00    0.00      0.00     0.00   0.00    0.00     0.00    0.00   0.40
scd0             0.00      0.00     0.00   0.00    0.00     0.00    0.00      0.00     0.00   0.00    0.00     0.00    0.00      0.00     0.00   0.00    0.00     0.00    0.00   0.00


CouchDB Process I/O Stats:
Fabric Metrics:

=== Fri 28 Feb 2025 12:16:44 PM EST ===
CouchDB Stats:
Database Disk Usage:
I/O Stats:
loop9            0.00      0.00     0.00   0.00    0.00     0.00    0.00      0.00     0.00   0.00    0.00     0.00    0.00      0.00     0.00   0.00    0.00     0.00    0.00   0.00
sda              0.00      0.00     0.00   0.00    0.00     0.00    0.00      0.00     0.00   0.00    0.00     0.00    0.00      0.00     0.00   0.00    0.00     0.00    0.00   0.00
scd0             0.00      0.00     0.00   0.00    0.00     0.00    0.00      0.00     0.00   0.00    0.00     0.00    0.00      0.00     0.00   0.00    0.00     0.00    0.00   0.00


CouchDB Process I/O Stats:
Fabric Metrics:

=== Fri 28 Feb 2025 12:17:48 PM EST ===
CouchDB Stats:
Database Disk Usage:
I/O Stats:
loop9            0.00      0.00     0.00   0.00    0.00     0.00    0.00      0.00     0.00   0.00    0.00     0.00    0.00      0.00     0.00   0.00    0.00     0.00    0.00   0.00
sda              0.00      0.00     0.00   0.00    0.00     0.00    2.00     24.00     4.00  66.67    1.00    12.00    0.00      0.00     0.00   0.00    0.00     0.00    0.00   0.40
scd0             0.00      0.00     0.00   0.00    0.00     0.00    0.00      0.00     0.00   0.00    0.00     0.00    0.00      0.00     0.00   0.00    0.00     0.00    0.00   0.00


CouchDB Process I/O Stats:
Fabric Metrics:

=== Fri 28 Feb 2025 12:18:51 PM EST ===
CouchDB Stats:
Database Disk Usage:
I/O Stats:
loop9            0.00      0.00     0.00   0.00    0.00     0.00    0.00      0.00     0.00   0.00    0.00     0.00    0.00      0.00     0.00   0.00    0.00     0.00    0.00   0.00
sda              0.00      0.00     0.00   0.00    0.00     0.00    0.00      0.00     0.00   0.00    0.00     0.00    0.00      0.00     0.00   0.00    0.00     0.00    0.00   0.00
scd0             0.00      0.00     0.00   0.00    0.00     0.00    0.00      0.00     0.00   0.00    0.00     0.00    0.00      0.00     0.00   0.00    0.00     0.00    0.00   0.00


CouchDB Process I/O Stats:
Fabric Metrics:

=== Fri 28 Feb 2025 12:19:54 PM EST ===
CouchDB Stats:
Database Disk Usage:
I/O Stats:
loop9            0.00      0.00     0.00   0.00    0.00     0.00    0.00      0.00     0.00   0.00    0.00     0.00    0.00      0.00     0.00   0.00    0.00     0.00    0.00   0.00
sda              0.00      0.00     0.00   0.00    0.00     0.00    0.00      0.00     0.00   0.00    0.00     0.00    0.00      0.00     0.00   0.00    0.00     0.00    0.00   0.00
scd0             0.00      0.00     0.00   0.00    0.00     0.00    0.00      0.00     0.00   0.00    0.00     0.00    0.00      0.00     0.00   0.00    0.00     0.00    0.00   0.00


CouchDB Process I/O Stats:
Fabric Metrics:

=== Fri 28 Feb 2025 12:20:57 PM EST ===
CouchDB Stats:
Database Disk Usage:
I/O Stats:
loop9            0.00      0.00     0.00   0.00    0.00     0.00    0.00      0.00     0.00   0.00    0.00     0.00    0.00      0.00     0.00   0.00    0.00     0.00    0.00   0.00
sda              0.00      0.00     0.00   0.00    0.00     0.00    0.00      0.00     0.00   0.00    0.00     0.00    0.00      0.00     0.00   0.00    0.00     0.00    0.00   0.00
scd0             0.00      0.00     0.00   0.00    0.00     0.00    0.00      0.00     0.00   0.00    0.00     0.00    0.00      0.00     0.00   0.00    0.00     0.00    0.00   0.00


CouchDB Process I/O Stats:
Fabric Metrics:

=== Fri 28 Feb 2025 12:22:00 PM EST ===
CouchDB Stats:
Database Disk Usage:
I/O Stats:
loop9            0.00      0.00     0.00   0.00    0.00     0.00    0.00      0.00     0.00   0.00    0.00     0.00    0.00      0.00     0.00   0.00    0.00     0.00    0.00   0.00
sda              0.00      0.00     0.00   0.00    0.00     0.00    9.00    120.00    20.00  68.97    0.56    13.33    0.00      0.00     0.00   0.00    0.00     0.00    0.01   1.20
scd0             0.00      0.00     0.00   0.00    0.00     0.00    0.00      0.00     0.00   0.00    0.00     0.00    0.00      0.00     0.00   0.00    0.00     0.00    0.00   0.00


CouchDB Process I/O Stats:
Fabric Metrics:

=== Fri 28 Feb 2025 12:23:04 PM EST ===
CouchDB Stats:
Database Disk Usage:
I/O Stats:
loop9            0.00      0.00     0.00   0.00    0.00     0.00    0.00      0.00     0.00   0.00    0.00     0.00    0.00      0.00     0.00   0.00    0.00     0.00    0.00   0.00
sda              0.00      0.00     0.00   0.00    0.00     0.00    0.00      0.00     0.00   0.00    0.00     0.00    0.00      0.00     0.00   0.00    0.00     0.00    0.00   0.00
scd0             0.00      0.00     0.00   0.00    0.00     0.00    0.00      0.00     0.00   0.00    0.00     0.00    0.00      0.00     0.00   0.00    0.00     0.00    0.00   0.00


CouchDB Process I/O Stats:
Fabric Metrics:

=== Fri 28 Feb 2025 12:24:07 PM EST ===
CouchDB Stats:
Database Disk Usage:
I/O Stats:
loop9            0.00      0.00     0.00   0.00    0.00     0.00    0.00      0.00     0.00   0.00    0.00     0.00    0.00      0.00     0.00   0.00    0.00     0.00    0.00   0.00
sda              0.00      0.00     0.00   0.00    0.00     0.00  203.00   1532.00    18.00   8.14    0.30     7.55    0.00      0.00     0.00   0.00    0.00     0.00    0.07   4.00
scd0             0.00      0.00     0.00   0.00    0.00     0.00    0.00      0.00     0.00   0.00    0.00     0.00    0.00      0.00     0.00   0.00    0.00     0.00    0.00   0.00


CouchDB Process I/O Stats:
Fabric Metrics:

=== Fri 28 Feb 2025 12:25:10 PM EST ===
CouchDB Stats:
Database Disk Usage:
I/O Stats:
loop9            0.00      0.00     0.00   0.00    0.00     0.00    0.00      0.00     0.00   0.00    0.00     0.00    0.00      0.00     0.00   0.00    0.00     0.00    0.00   0.00
sda              0.00      0.00     0.00   0.00    0.00     0.00    0.00      0.00     0.00   0.00    0.00     0.00    0.00      0.00     0.00   0.00    0.00     0.00    0.00   0.00
scd0             0.00      0.00     0.00   0.00    0.00     0.00    0.00      0.00     0.00   0.00    0.00     0.00    0.00      0.00     0.00   0.00    0.00     0.00    0.00   0.00


CouchDB Process I/O Stats:
Fabric Metrics:

=== Fri 28 Feb 2025 12:26:13 PM EST ===
CouchDB Stats:
Database Disk Usage:
I/O Stats:
loop9            0.00      0.00     0.00   0.00    0.00     0.00    0.00      0.00     0.00   0.00    0.00     0.00    0.00      0.00     0.00   0.00    0.00     0.00    0.00   0.00
sda              0.00      0.00     0.00   0.00    0.00     0.00   44.00    616.00     3.00   6.38    0.27    14.00    0.00      0.00     0.00   0.00    0.00     0.00    0.01   0.40
scd0             0.00      0.00     0.00   0.00    0.00     0.00    0.00      0.00     0.00   0.00    0.00     0.00    0.00      0.00     0.00   0.00    0.00     0.00    0.00   0.00


CouchDB Process I/O Stats:
Fabric Metrics:

=== Fri 28 Feb 2025 12:27:17 PM EST ===
CouchDB Stats:
Database Disk Usage:
I/O Stats:
loop9            0.00      0.00     0.00   0.00    0.00     0.00    0.00      0.00     0.00   0.00    0.00     0.00    0.00      0.00     0.00   0.00    0.00     0.00    0.00   0.00
sda              0.00      0.00     0.00   0.00    0.00     0.00    0.00      0.00     0.00   0.00    0.00     0.00    0.00      0.00     0.00   0.00    0.00     0.00    0.00   0.00
scd0             0.00      0.00     0.00   0.00    0.00     0.00    0.00      0.00     0.00   0.00    0.00     0.00    0.00      0.00     0.00   0.00    0.00     0.00    0.00   0.00


CouchDB Process I/O Stats:
Fabric Metrics:

=== Fri 28 Feb 2025 12:28:20 PM EST ===
CouchDB Stats:
Database Disk Usage:
I/O Stats:
loop9            0.00      0.00     0.00   0.00    0.00     0.00    0.00      0.00     0.00   0.00    0.00     0.00    0.00      0.00     0.00   0.00    0.00     0.00    0.00   0.00
sda              0.00      0.00     0.00   0.00    0.00     0.00    0.00      0.00     0.00   0.00    0.00     0.00    0.00      0.00     0.00   0.00    0.00     0.00    0.00   0.00
scd0             0.00      0.00     0.00   0.00    0.00     0.00    0.00      0.00     0.00   0.00    0.00     0.00    0.00      0.00     0.00   0.00    0.00     0.00    0.00   0.00


CouchDB Process I/O Stats:
Fabric Metrics:

=== Fri 28 Feb 2025 12:29:23 PM EST ===
CouchDB Stats:
Database Disk Usage:
I/O Stats:
loop9            0.00      0.00     0.00   0.00    0.00     0.00    0.00      0.00     0.00   0.00    0.00     0.00    0.00      0.00     0.00   0.00    0.00     0.00    0.00   0.00
sda              0.00      0.00     0.00   0.00    0.00     0.00    0.00      0.00     0.00   0.00    0.00     0.00    0.00      0.00     0.00   0.00    0.00     0.00    0.00   0.00
scd0             0.00      0.00     0.00   0.00    0.00     0.00    0.00      0.00     0.00   0.00    0.00     0.00    0.00      0.00     0.00   0.00    0.00     0.00    0.00   0.00


CouchDB Process I/O Stats:
Fabric Metrics:

=== Fri 28 Feb 2025 12:30:26 PM EST ===
CouchDB Stats:
Database Disk Usage:
I/O Stats:
loop9            0.00      0.00     0.00   0.00    0.00     0.00    0.00      0.00     0.00   0.00    0.00     0.00    0.00      0.00     0.00   0.00    0.00     0.00    0.00   0.00
sda              0.00      0.00     0.00   0.00    0.00     0.00    0.00      0.00     0.00   0.00    0.00     0.00    0.00      0.00     0.00   0.00    0.00     0.00    0.00   0.00
scd0             0.00      0.00     0.00   0.00    0.00     0.00    0.00      0.00     0.00   0.00    0.00     0.00    0.00      0.00     0.00   0.00    0.00     0.00    0.00   0.00


CouchDB Process I/O Stats:
Fabric Metrics:

=== Fri 28 Feb 2025 12:31:29 PM EST ===
CouchDB Stats:
Database Disk Usage:
I/O Stats:
loop9            0.00      0.00     0.00   0.00    0.00     0.00    0.00      0.00     0.00   0.00    0.00     0.00    0.00      0.00     0.00   0.00    0.00     0.00    0.00   0.00
sda              0.00      0.00     0.00   0.00    0.00     0.00    0.00      0.00     0.00   0.00    0.00     0.00    0.00      0.00     0.00   0.00    0.00     0.00    0.00   0.00
scd0             0.00      0.00     0.00   0.00    0.00     0.00    0.00      0.00     0.00   0.00    0.00     0.00    0.00      0.00     0.00   0.00    0.00     0.00    0.00   0.00


CouchDB Process I/O Stats:
Fabric Metrics:

=== Fri 28 Feb 2025 12:32:33 PM EST ===
CouchDB Stats:
Database Disk Usage:
I/O Stats:
loop9            0.00      0.00     0.00   0.00    0.00     0.00    0.00      0.00     0.00   0.00    0.00     0.00    0.00      0.00     0.00   0.00    0.00     0.00    0.00   0.00
sda              0.00      0.00     0.00   0.00    0.00     0.00    0.00      0.00     0.00   0.00    0.00     0.00    0.00      0.00     0.00   0.00    0.00     0.00    0.00   0.00
scd0             0.00      0.00     0.00   0.00    0.00     0.00    0.00      0.00     0.00   0.00    0.00     0.00    0.00      0.00     0.00   0.00    0.00     0.00    0.00   0.00


CouchDB Process I/O Stats:
Fabric Metrics:

=== Fri 28 Feb 2025 12:33:36 PM EST ===
CouchDB Stats:
Database Disk Usage:
I/O Stats:
loop9            0.00      0.00     0.00   0.00    0.00     0.00    0.00      0.00     0.00   0.00    0.00     0.00    0.00      0.00     0.00   0.00    0.00     0.00    0.00   0.00
sda              0.00      0.00     0.00   0.00    0.00     0.00    0.00      0.00     0.00   0.00    0.00     0.00    0.00      0.00     0.00   0.00    0.00     0.00    0.00   0.00
scd0             0.00      0.00     0.00   0.00    0.00     0.00    0.00      0.00     0.00   0.00    0.00     0.00    0.00      0.00     0.00   0.00    0.00     0.00    0.00   0.00


CouchDB Process I/O Stats:
Fabric Metrics:

=== Fri 28 Feb 2025 12:34:39 PM EST ===
CouchDB Stats:
Database Disk Usage:
I/O Stats:
loop9            0.00      0.00     0.00   0.00    0.00     0.00    0.00      0.00     0.00   0.00    0.00     0.00    0.00      0.00     0.00   0.00    0.00     0.00    0.00   0.00
sda              0.00      0.00     0.00   0.00    0.00     0.00    2.00     36.00     7.00  77.78    2.50    18.00    0.00      0.00     0.00   0.00    0.00     0.00    0.01   0.80
scd0             0.00      0.00     0.00   0.00    0.00     0.00    0.00      0.00     0.00   0.00    0.00     0.00    0.00      0.00     0.00   0.00    0.00     0.00    0.00   0.00


CouchDB Process I/O Stats:
Fabric Metrics:

=== Fri 28 Feb 2025 12:35:42 PM EST ===
CouchDB Stats:
Database Disk Usage:
I/O Stats:
loop9            0.00      0.00     0.00   0.00    0.00     0.00    0.00      0.00     0.00   0.00    0.00     0.00    0.00      0.00     0.00   0.00    0.00     0.00    0.00   0.00
sda              0.00      0.00     0.00   0.00    0.00     0.00  222.00   1624.00    16.00   6.72    0.37     7.32    0.00      0.00     0.00   0.00    0.00     0.00    0.09   2.40
scd0             0.00      0.00     0.00   0.00    0.00     0.00    0.00      0.00     0.00   0.00    0.00     0.00    0.00      0.00     0.00   0.00    0.00     0.00    0.00   0.00


CouchDB Process I/O Stats:
Fabric Metrics:

=== Fri 28 Feb 2025 12:36:45 PM EST ===
CouchDB Stats:
Database Disk Usage:
I/O Stats:
loop9            0.00      0.00     0.00   0.00    0.00     0.00    0.00      0.00     0.00   0.00    0.00     0.00    0.00      0.00     0.00   0.00    0.00     0.00    0.00   0.00
sda              0.00      0.00     0.00   0.00    0.00     0.00    0.00      0.00     0.00   0.00    0.00     0.00    0.00      0.00     0.00   0.00    0.00     0.00    0.00   0.00
scd0             0.00      0.00     0.00   0.00    0.00     0.00    0.00      0.00     0.00   0.00    0.00     0.00    0.00      0.00     0.00   0.00    0.00     0.00    0.00   0.00


CouchDB Process I/O Stats:
Fabric Metrics:

=== Fri 28 Feb 2025 12:40:27 PM EST ===
CouchDB Stats:
Database Disk Usage:
I/O Stats:
loop9            0.00      0.00     0.00   0.00    0.00     0.00    0.00      0.00     0.00   0.00    0.00     0.00    0.00      0.00     0.00   0.00    0.00     0.00    0.00   0.00
sda              0.00      0.00     0.00   0.00    0.00     0.00   24.75    106.93     1.98   7.41    0.92     4.32    0.00      0.00     0.00   0.00    0.00     0.00    0.02   0.79
scd0             0.00      0.00     0.00   0.00    0.00     0.00    0.00      0.00     0.00   0.00    0.00     0.00    0.00      0.00     0.00   0.00    0.00     0.00    0.00   0.00


CouchDB Process I/O Stats:
Fabric Metrics:

=== Fri 28 Feb 2025 12:41:30 PM EST ===
CouchDB Stats:
Database Disk Usage:
I/O Stats:
loop9            0.00      0.00     0.00   0.00    0.00     0.00    0.00      0.00     0.00   0.00    0.00     0.00    0.00      0.00     0.00   0.00    0.00     0.00    0.00   0.00
sda              0.00      0.00     0.00   0.00    0.00     0.00    0.00      0.00     0.00   0.00    0.00     0.00    0.00      0.00     0.00   0.00    0.00     0.00    0.00   0.00
scd0             0.00      0.00     0.00   0.00    0.00     0.00    0.00      0.00     0.00   0.00    0.00     0.00    0.00      0.00     0.00   0.00    0.00     0.00    0.00   0.00


CouchDB Process I/O Stats:
Fabric Metrics:

=== Fri 28 Feb 2025 12:42:33 PM EST ===
CouchDB Stats:
Database Disk Usage:
I/O Stats:
loop9            0.00      0.00     0.00   0.00    0.00     0.00    0.00      0.00     0.00   0.00    0.00     0.00    0.00      0.00     0.00   0.00    0.00     0.00    0.00   0.00
sda              0.00      0.00     0.00   0.00    0.00     0.00    0.00      0.00     0.00   0.00    0.00     0.00    0.00      0.00     0.00   0.00    0.00     0.00    0.00   0.00
scd0             0.00      0.00     0.00   0.00    0.00     0.00    0.00      0.00     0.00   0.00    0.00     0.00    0.00      0.00     0.00   0.00    0.00     0.00    0.00   0.00


CouchDB Process I/O Stats:
Fabric Metrics:

=== Fri 28 Feb 2025 12:43:36 PM EST ===
CouchDB Stats:
Database Disk Usage:
I/O Stats:
loop9            0.00      0.00     0.00   0.00    0.00     0.00    0.00      0.00     0.00   0.00    0.00     0.00    0.00      0.00     0.00   0.00    0.00     0.00    0.00   0.00
sda              0.00      0.00     0.00   0.00    0.00     0.00    2.97     15.84     0.00   0.00    1.00     5.33    0.00      0.00     0.00   0.00    0.00     0.00    0.00   0.40
scd0             0.00      0.00     0.00   0.00    0.00     0.00    0.00      0.00     0.00   0.00    0.00     0.00    0.00      0.00     0.00   0.00    0.00     0.00    0.00   0.00


CouchDB Process I/O Stats:
Fabric Metrics:

=== Fri 28 Feb 2025 12:44:39 PM EST ===
CouchDB Stats:
Database Disk Usage:
I/O Stats:
loop9            0.00      0.00     0.00   0.00    0.00     0.00    0.00      0.00     0.00   0.00    0.00     0.00    0.00      0.00     0.00   0.00    0.00     0.00    0.00   0.00
sda              0.00      0.00     0.00   0.00    0.00     0.00    1.00     16.00     0.00   0.00    0.00    16.00    0.00      0.00     0.00   0.00    0.00     0.00    0.00   0.40
scd0             0.00      0.00     0.00   0.00    0.00     0.00    0.00      0.00     0.00   0.00    0.00     0.00    0.00      0.00     0.00   0.00    0.00     0.00    0.00   0.00


CouchDB Process I/O Stats:
Fabric Metrics:

=== Fri 28 Feb 2025 12:45:43 PM EST ===
CouchDB Stats:
Database Disk Usage:
I/O Stats:
loop9            0.00      0.00     0.00   0.00    0.00     0.00    0.00      0.00     0.00   0.00    0.00     0.00    0.00      0.00     0.00   0.00    0.00     0.00    0.00   0.00
sda              0.00      0.00     0.00   0.00    0.00     0.00    0.00      0.00     0.00   0.00    0.00     0.00    0.00      0.00     0.00   0.00    0.00     0.00    0.00   0.00
scd0             0.00      0.00     0.00   0.00    0.00     0.00    0.00      0.00     0.00   0.00    0.00     0.00    0.00      0.00     0.00   0.00    0.00     0.00    0.00   0.00


CouchDB Process I/O Stats:
Fabric Metrics:

=== Fri 28 Feb 2025 12:46:46 PM EST ===
CouchDB Stats:
Database Disk Usage:
I/O Stats:
loop9            0.00      0.00     0.00   0.00    0.00     0.00    0.00      0.00     0.00   0.00    0.00     0.00    0.00      0.00     0.00   0.00    0.00     0.00    0.00   0.00
sda              0.00      0.00     0.00   0.00    0.00     0.00    0.00      0.00     0.00   0.00    0.00     0.00    0.00      0.00     0.00   0.00    0.00     0.00    0.00   0.00
scd0             0.00      0.00     0.00   0.00    0.00     0.00    0.00      0.00     0.00   0.00    0.00     0.00    0.00      0.00     0.00   0.00    0.00     0.00    0.00   0.00


CouchDB Process I/O Stats:
Fabric Metrics:

=== Fri 28 Feb 2025 12:47:49 PM EST ===
CouchDB Stats:
Database Disk Usage:
I/O Stats:
loop9            0.00      0.00     0.00   0.00    0.00     0.00    0.00      0.00     0.00   0.00    0.00     0.00    0.00      0.00     0.00   0.00    0.00     0.00    0.00   0.00
sda              0.00      0.00     0.00   0.00    0.00     0.00    0.00      0.00     0.00   0.00    0.00     0.00    0.00      0.00     0.00   0.00    0.00     0.00    0.00   0.00
scd0             0.00      0.00     0.00   0.00    0.00     0.00    0.00      0.00     0.00   0.00    0.00     0.00    0.00      0.00     0.00   0.00    0.00     0.00    0.00   0.00


CouchDB Process I/O Stats:
Fabric Metrics:

=== Fri 28 Feb 2025 12:48:52 PM EST ===
CouchDB Stats:
Database Disk Usage:
I/O Stats:
loop9            0.00      0.00     0.00   0.00    0.00     0.00    0.00      0.00     0.00   0.00    0.00     0.00    0.00      0.00     0.00   0.00    0.00     0.00    0.00   0.00
sda              0.00      0.00     0.00   0.00    0.00     0.00  246.00   1784.00    15.00   5.75    0.49     7.25    0.00      0.00     0.00   0.00    0.00     0.00    0.13   3.20
scd0             0.00      0.00     0.00   0.00    0.00     0.00    0.00      0.00     0.00   0.00    0.00     0.00    0.00      0.00     0.00   0.00    0.00     0.00    0.00   0.00


CouchDB Process I/O Stats:
Fabric Metrics:

=== Fri 28 Feb 2025 12:49:56 PM EST ===
CouchDB Stats:
Database Disk Usage:
I/O Stats:
loop9            0.00      0.00     0.00   0.00    0.00     0.00    0.00      0.00     0.00   0.00    0.00     0.00    0.00      0.00     0.00   0.00    0.00     0.00    0.00   0.00
sda              0.00      0.00     0.00   0.00    0.00     0.00    3.00     44.00     8.00  72.73    2.00    14.67    0.00      0.00     0.00   0.00    0.00     0.00    0.01   1.20
scd0             0.00      0.00     0.00   0.00    0.00     0.00    0.00      0.00     0.00   0.00    0.00     0.00    0.00      0.00     0.00   0.00    0.00     0.00    0.00   0.00


CouchDB Process I/O Stats:
Fabric Metrics:

=== Fri 28 Feb 2025 12:50:59 PM EST ===
CouchDB Stats:
Database Disk Usage:
I/O Stats:
loop9            0.00      0.00     0.00   0.00    0.00     0.00    0.00      0.00     0.00   0.00    0.00     0.00    0.00      0.00     0.00   0.00    0.00     0.00    0.00   0.00
sda              0.00      0.00     0.00   0.00    0.00     0.00  226.73   1794.06   192.08  45.86    0.60     7.91    0.00      0.00     0.00   0.00    0.00     0.00    0.23  13.86
scd0             0.00      0.00     0.00   0.00    0.00     0.00    0.00      0.00     0.00   0.00    0.00     0.00    0.00      0.00     0.00   0.00    0.00     0.00    0.00   0.00


CouchDB Process I/O Stats:
Fabric Metrics:

=== Fri 28 Feb 2025 12:52:02 PM EST ===
CouchDB Stats:
Database Disk Usage:
I/O Stats:
loop9            0.00      0.00     0.00   0.00    0.00     0.00    0.00      0.00     0.00   0.00    0.00     0.00    0.00      0.00     0.00   0.00    0.00     0.00    0.00   0.00
sda              0.00      0.00     0.00   0.00    0.00     0.00    9.00    112.00    18.00  66.67    0.44    12.44    0.00      0.00     0.00   0.00    0.00     0.00    0.01   0.80
scd0             0.00      0.00     0.00   0.00    0.00     0.00    0.00      0.00     0.00   0.00    0.00     0.00    0.00      0.00     0.00   0.00    0.00     0.00    0.00   0.00


CouchDB Process I/O Stats:
Fabric Metrics:

